<?xml version="1.0" encoding="UTF-8"?>
<testsuite xmlns:xsi="http://www.w3.org/2001/XMLSchema-instance" xsi:noNamespaceSchemaLocation="https://maven.apache.org/surefire/maven-surefire-plugin/xsd/surefire-test-report.xsd" name="MyTest" time="0.066" tests="14" errors="0" skipped="0" failures="0">
  <properties>
[...]
</properties>
  <testcase name="testNoWinner1" classname="MyTest" time="0.033"/>
  <testcase name="testNoWinner2" classname="MyTest" time="0.002"/>
  <testcase name="testNoWinner3" classname="MyTest" time="0"/>
  <testcase name="testNoWinner4" classname="MyTest" time="0"/>
  <testcase name="testNoWinner5" classname="MyTest" time="0"/>
  <testcase name="testNoWinner6" classname="MyTest" time="0"/>
  <testcase name="testNoWinner7" classname="MyTest" time="0"/>
  <testcase name="testWinner1" classname="MyTest" time="0.003"/>
  <testcase name="testWinner2" classname="MyTest" time="0"/>
  <testcase name="testWinner3" classname="MyTest" time="0.001"/>
  <testcase name="testWinner4" classname="MyTest" time="0"/>
  <testcase name="testWinner5" classname="MyTest" time="0"/>
  <testcase name="testWinner6" classname="MyTest" time="0"/>
  <testcase name="testWinner7" classname="MyTest" time="0"/>
</testsuite>